<?xml version="1.0" encoding="UTF-8"?>
<!-- Generated by org.testng.reporters.JUnitReportReporter -->
<testsuite hostname="Jayadevnath" failures="0" tests="1" name="com.pom.tests.LoginTest" time="21.540" errors="0" timestamp="2023-11-19T20:19:52 IST" skipped="0">
  <testcase classname="com.pom.tests.LoginTest" name="loginTestWithValidCredentials" time="21.540"/>
</testsuite> <!-- com.pom.tests.LoginTest -->
